#-----------------------------------------------------------
# Vivado v2018.3_AR72075 (64-bit)
# SW Build 2405991 on Thu Dec  6 23:36:41 MST 2018
# IP Build 2404404 on Fri Dec  7 01:43:56 MST 2018
# Start of session at: Sun Sep 13 22:22:18 2020
# Process ID: 9686
# Current directory: /2020/mpsoc/training/irq_pl/project_1
# Command line: vivado project_1.xpr
# Log file: /2020/mpsoc/training/irq_pl/project_1/vivado.log
# Journal file: /2020/mpsoc/training/irq_pl/project_1/vivado.jou
#-----------------------------------------------------------
start_gui
open_project project_1.xpr
INFO: [Project 1-313] Project file moved from '/home/alvin/xilinx/mpsoc/customers/uio/project_1' since last save.
Scanning sources...
Finished scanning sources
INFO: [IP_Flow 19-234] Refreshing IP repositories
INFO: [IP_Flow 19-1704] No user IP repositories specified
INFO: [IP_Flow 19-2313] Loaded Vivado IP repository '/2020/xilinx/vivado/2018.3/vivado/data/ip'.
INFO: [IP_Flow 19-2313] Loaded Vivado IP repository '/2020/xilinx/vivado/2018.3/Vivado/2018.3/data/ip'.
open_project: Time (s): cpu = 00:00:12 ; elapsed = 00:00:06 . Memory (MB): peak = 6516.898 ; gain = 87.082 ; free physical = 417 ; free virtual = 37245
update_compile_order -fileset sources_1
open_bd_design {/2020/mpsoc/training/irq_pl/project_1/project_1.srcs/sources_1/bd/Base_Zynq_MPSoC/Base_Zynq_MPSoC.bd}
Adding cell -- xilinx.com:ip:zynq_ultra_ps_e:3.2 - zynq_ultra_ps_e_0
Adding cell -- xilinx.com:ip:axi_gpio:2.0 - axi_gpio_0
Adding cell -- xilinx.com:ip:axi_interconnect:2.1 - ps8_0_axi_periph
Adding cell -- xilinx.com:ip:axi_crossbar:2.1 - xbar
Adding cell -- xilinx.com:ip:axi_dwidth_converter:2.1 - auto_ds
Adding cell -- xilinx.com:ip:axi_protocol_converter:2.1 - auto_pc
Adding cell -- xilinx.com:ip:axi_dwidth_converter:2.1 - auto_ds
Adding cell -- xilinx.com:ip:proc_sys_reset:5.0 - rst_ps8_0_99M
Adding cell -- xilinx.com:ip:blk_mem_gen:8.4 - blk_mem_gen_0
Adding cell -- xilinx.com:ip:axi_bram_ctrl:4.1 - axi_bram_ctrl_0
Adding cell -- xilinx.com:ip:xlconcat:2.1 - xlconcat_0
Successfully read diagram <Base_Zynq_MPSoC> from BD file </2020/mpsoc/training/irq_pl/project_1/project_1.srcs/sources_1/bd/Base_Zynq_MPSoC/Base_Zynq_MPSoC.bd>
INFO: [PSU-1]  DP_AUDIO clock source: RPLL is also being used by other peripheral clocks. Their outputs may get impacted if any driver changes DP_AUDIO PLL source to support runtime audio change 
INFO: [PSU-1]  DP_AUDIO clock source: RPLL is also being used by other peripheral clocks. Their outputs may get impacted if any driver changes DP_AUDIO PLL source to support runtime audio change 
WARNING: [IP_Flow 19-474] Invalid Parameter 'Component_Name'
WARNING: [IP_Flow 19-3899] Cannot get the environment domain name variable for the component vendor name. Setting the vendor name to 'user.org'.
WARNING: [IP_Flow 19-3899] Cannot get the environment domain name variable for the component vendor name. Setting the vendor name to 'user.org'.
WARNING: [IP_Flow 19-3899] Cannot get the environment domain name variable for the component vendor name. Setting the vendor name to 'user.org'.
create_peripheral user.org user myip 1.0 -dir /2020/mpsoc/training/irq_pl/ip_repo
add_peripheral_interface S00_AXI -interface_mode slave -axi_type lite [ipx::find_open_core user.org:user:myip:1.0]
generate_peripheral -driver -bfm_example_design -debug_hw_example_design [ipx::find_open_core user.org:user:myip:1.0]
write_peripheral [ipx::find_open_core user.org:user:myip:1.0]
set_property  ip_repo_paths  /2020/mpsoc/training/irq_pl/ip_repo/myip_1.0 [current_project]
update_ip_catalog -rebuild
INFO: [IP_Flow 19-234] Refreshing IP repositories
INFO: [IP_Flow 19-1700] Loaded user IP repository '/2020/mpsoc/training/irq_pl/ip_repo/myip_1.0'.
ipx::edit_ip_in_project -upgrade true -name edit_myip_v1_0 -directory /2020/mpsoc/training/irq_pl/ip_repo /2020/mpsoc/training/irq_pl/ip_repo/myip_1.0/component.xml
INFO: [IP_Flow 19-234] Refreshing IP repositories
INFO: [IP_Flow 19-1704] No user IP repositories specified
INFO: [IP_Flow 19-2313] Loaded Vivado IP repository '/2020/xilinx/vivado/2018.3/vivado/data/ip'.
INFO: [IP_Flow 19-2313] Loaded Vivado IP repository '/2020/xilinx/vivado/2018.3/Vivado/2018.3/data/ip'.
INFO: [IP_Flow 19-234] Refreshing IP repositories
INFO: [IP_Flow 19-1700] Loaded user IP repository '/2020/mpsoc/training/irq_pl/ip_repo/myip_1.0'.
INFO: [IP_Flow 19-795] Syncing license key meta-data
WARNING: [filemgmt 56-99] Vivado Synthesis ignores library specification for Verilog or SystemVerilog files. [/2020/mpsoc/training/irq_pl/ip_repo/myip_1.0/hdl/myip_v1_0_S00_AXI.v:]
WARNING: [filemgmt 56-99] Vivado Synthesis ignores library specification for Verilog or SystemVerilog files. [/2020/mpsoc/training/irq_pl/ip_repo/myip_1.0/hdl/myip_v1_0.v:]
update_compile_order -fileset sources_1
ipx::merge_project_changes files [ipx::current_core]
WARNING: [IP_Flow 19-3899] Cannot get the environment domain name variable for the component vendor name. Setting the vendor name to 'user.org'.
WARNING: [IP_Flow 19-5226] Project source file '/2020/mpsoc/training/irq_pl/ip_repo/myip_1.0/component.xml' ignored by IP packager.
ipx::merge_project_changes hdl_parameters [ipx::current_core]
WARNING: [IP_Flow 19-3899] Cannot get the environment domain name variable for the component vendor name. Setting the vendor name to 'user.org'.
WARNING: [IP_Flow 19-5226] Project source file '/2020/mpsoc/training/irq_pl/ip_repo/myip_1.0/component.xml' ignored by IP packager.
INFO: [IP_Flow 19-3166] Bus Interface 'S00_AXI': References existing memory map 'S00_AXI'.
set_property previous_version_for_upgrade user.org:user:myip:1.0 [ipx::current_core]
set_property core_revision 1 [ipx::current_core]
ipx::create_xgui_files [ipx::current_core]
ipx::update_checksums [ipx::current_core]
ipx::save_core [ipx::current_core]
ipx::move_temp_component_back -component [ipx::current_core]
close_project -delete
update_ip_catalog -rebuild -repo_path /2020/mpsoc/training/irq_pl/ip_repo/myip_1.0
INFO: [IP_Flow 19-725] Reloaded user IP repository '/2020/mpsoc/training/irq_pl/ip_repo/myip_1.0'
startgroup
create_bd_cell -type ip -vlnv user.org:user:myip:1.1 myip_0
endgroup
create_bd_cell -type ip -vlnv user.org:user:myip:1.1 myip_1
undo
INFO: [Common 17-17] undo 'create_bd_cell -type ip -vlnv user.org:user:myip:1.1 myip_1'
WARNING: [IP_Flow 19-3899] Cannot get the environment domain name variable for the component vendor name. Setting the vendor name to 'user.org'.
